<?xml version='1.0' encoding='UTF-8' ?>
<testsuite name="test.support.appodeal.com.task3collectionandmap.test" tests="2" failures="1" errors="0" skipped="0" time="2.474" timestamp="2018-09-12T19:41:51" hostname="localhost">
  <properties />
  <testcase name="useAppContext" classname="test.support.appodeal.com.task3collectionandmap.ExampleInstrumentedTest" time="0.026" />
  <testcase name="onClick" classname="test.support.appodeal.com.task3collectionandmap.mvp.view.MainActivityTest" time="2.002">
    <failure>android.support.test.espresso.PerformException: Error performing 'single click' on view 'Animations or transitions are enabled on the target device.
For more info check: http://goo.gl/qVu1yV

with id: test.support.appodeal.com.task3collectionandmap:id/buttonCalculate'.
at android.support.test.espresso.PerformException$Builder.build(PerformException.java:82)
at android.support.test.espresso.base.DefaultFailureHandler.getUserFriendlyError(DefaultFailureHandler.java:79)
at android.support.test.espresso.base.DefaultFailureHandler.handle(DefaultFailureHandler.java:51)
at android.support.test.espresso.ViewInteraction.waitForAndHandleInteractionResults(ViewInteraction.java:312)
at android.support.test.espresso.ViewInteraction.desugaredPerform(ViewInteraction.java:173)
at android.support.test.espresso.ViewInteraction.perform(ViewInteraction.java:114)
at test.support.appodeal.com.task3collectionandmap.mvp.view.MainActivityTest.onClick(MainActivityTest.java:35)
at java.lang.reflect.Method.invoke(Native Method)
at org.junit.runners.model.FrameworkMethod$1.runReflectiveCall(FrameworkMethod.java:50)
at org.junit.internal.runners.model.ReflectiveCallable.run(ReflectiveCallable.java:12)
at org.junit.runners.model.FrameworkMethod.invokeExplosively(FrameworkMethod.java:47)
at org.junit.internal.runners.statements.InvokeMethod.evaluate(InvokeMethod.java:17)
at android.support.test.internal.runner.junit4.statement.RunBefores.evaluate(RunBefores.java:80)
at android.support.test.rule.ActivityTestRule$ActivityStatement.evaluate(ActivityTestRule.java:527)
at org.junit.rules.RunRules.evaluate(RunRules.java:20)
at org.junit.runners.ParentRunner.runLeaf(ParentRunner.java:325)
at org.junit.runners.BlockJUnit4ClassRunner.runChild(BlockJUnit4ClassRunner.java:78)
at org.junit.runners.BlockJUnit4ClassRunner.runChild(BlockJUnit4ClassRunner.java:57)
at org.junit.runners.ParentRunner$3.run(ParentRunner.java:290)
at org.junit.runners.ParentRunner$1.schedule(ParentRunner.java:71)
at org.junit.runners.ParentRunner.runChildren(ParentRunner.java:288)
at org.junit.runners.ParentRunner.access$000(ParentRunner.java:58)
at org.junit.runners.ParentRunner$2.evaluate(ParentRunner.java:268)
at org.junit.runners.ParentRunner.run(ParentRunner.java:363)
at org.junit.runners.Suite.runChild(Suite.java:128)
at org.junit.runners.Suite.runChild(Suite.java:27)
at org.junit.runners.ParentRunner$3.run(ParentRunner.java:290)
at org.junit.runners.ParentRunner$1.schedule(ParentRunner.java:71)
at org.junit.runners.ParentRunner.runChildren(ParentRunner.java:288)
at org.junit.runners.ParentRunner.access$000(ParentRunner.java:58)
at org.junit.runners.ParentRunner$2.evaluate(ParentRunner.java:268)
at org.junit.runners.ParentRunner.run(ParentRunner.java:363)
at org.junit.runner.JUnitCore.run(JUnitCore.java:137)
at org.junit.runner.JUnitCore.run(JUnitCore.java:115)
at android.support.test.internal.runner.TestExecutor.execute(TestExecutor.java:56)
at android.support.test.runner.AndroidJUnitRunner.onStart(AndroidJUnitRunner.java:384)
at android.app.Instrumentation$InstrumentationThread.run(Instrumentation.java:2145)
Caused by: java.lang.RuntimeException: Action will not be performed because the target view does not match one or more of the following constraints:
at least 90 percent of the view's area is displayed to the user.
Target view: "AppCompatButton{id=2131230755, res-name=buttonCalculate, visibility=VISIBLE, width=1728, height=144, has-focus=false, has-focusable=true, has-window-focus=true, is-clickable=true, is-enabled=true, is-focused=false, is-focusable=true, is-layout-requested=false, is-selected=false, layout-params=android.support.constraint.ConstraintLayout$LayoutParams&#64;7666d5b, tag=null, root-is-layout-requested=false, has-input-connection=false, x=24.0, y=804.0, text=Calculate, input-type=0, ime-target=false, has-links=false}"
at android.support.test.espresso.ViewInteraction.doPerform(ViewInteraction.java:245)
at android.support.test.espresso.ViewInteraction.access$100(ViewInteraction.java:63)
at android.support.test.espresso.ViewInteraction$1.call(ViewInteraction.java:153)
at android.support.test.espresso.ViewInteraction$1.call(ViewInteraction.java:150)
at java.util.concurrent.FutureTask.run(FutureTask.java:266)
at android.os.Handler.handleCallback(Handler.java:873)
at android.os.Handler.dispatchMessage(Handler.java:99)
at android.os.Looper.loop(Looper.java:193)
at android.app.ActivityThread.main(ActivityThread.java:6669)
at java.lang.reflect.Method.invoke(Native Method)
at com.android.internal.os.RuntimeInit$MethodAndArgsCaller.run(RuntimeInit.java:493)
at com.android.internal.os.ZygoteInit.main(ZygoteInit.java:858)
</failure>
  </testcase>
</testsuite>